<?xml version="1.0" encoding="UTF-8"?>
<testsuites name="jest tests" tests="2" failures="0" errors="0" time="0.487">
  <testsuite name="Todo API" errors="0" failures="0" skipped="0" timestamp="2026-05-05T14:04:50" time="0.461" tests="2">
    <testcase classname="Todo API returns health status" name="Todo API returns health status" time="0.017">
    </testcase>
    <testcase classname="Todo API creates a task" name="Todo API creates a task" time="0.014">
    </testcase>
  </testsuite>
</testsuites>